<?xml version="1.0" encoding="UTF-8"?>
<!-- Generated by org.testng.reporters.JUnitReportReporter -->
<testsuite skipped="0" hostname="LP-729JVS1" name="com.mercury.tours.Drag_Drop_Example" tests="1" failures="0" timestamp="25 Dec 2019 10:54:58 GMT" time="5.942" errors="0">
  <testcase name="Sign_On" time="5.942" classname="com.mercury.tours.Drag_Drop_Example"/>
</testsuite> <!-- com.mercury.tours.Drag_Drop_Example -->
