<?xml version="1.0" encoding="UTF-8"?>
<!-- Generated by org.testng.reporters.JUnitReportReporter -->
<testsuite skipped="0" hostname="LP-729JVS1" name="com.mercury.tours.Sign_On_Internet_Explorer" tests="1" failures="0" timestamp="25 Dec 2019 07:45:01 GMT" time="119.002" errors="0">
  <testcase name="Sign_On" time="119.002" classname="com.mercury.tours.Sign_On_Internet_Explorer"/>
</testsuite> <!-- com.mercury.tours.Sign_On_Internet_Explorer -->
