<?xml version="1.0" encoding="UTF-8"?>
<!-- Generated by org.testng.reporters.JUnitReportReporter -->
<testsuite skipped="0" hostname="LP-729JVS1" name="com.mercury.tours.Flight_Login_Dataprovider" tests="3" failures="0" timestamp="25 Dec 2019 06:05:21 GMT" time="24.442" errors="0">
  <testcase name="Flight_Login" time="7.009" classname="com.mercury.tours.Flight_Login_Dataprovider"/>
  <testcase name="Flight_Login" time="9.066" classname="com.mercury.tours.Flight_Login_Dataprovider"/>
  <testcase name="Flight_Login" time="8.367" classname="com.mercury.tours.Flight_Login_Dataprovider"/>
</testsuite> <!-- com.mercury.tours.Flight_Login_Dataprovider -->
