<?xml version="1.0" encoding="UTF-8"?>
<!-- Generated by org.testng.reporters.JUnitReportReporter -->
<testsuite skipped="1" hostname="LP-729JVS1" name="com.mercury.tours.ReadDataFromExcel_XLS" tests="1" failures="0" timestamp="26 Dec 2019 07:22:18 GMT" time="0.000" errors="0">
  <testcase name="LoginApp" time="0.000" classname="com.mercury.tours.ReadDataFromExcel_XLS">
    <skipped/>
  </testcase> <!-- LoginApp -->
</testsuite> <!-- com.mercury.tours.ReadDataFromExcel_XLS -->
