<?xml version="1.0" encoding="UTF-8"?>
<!-- Generated by org.testng.reporters.JUnitReportReporter -->
<testsuite skipped="0" hostname="LP-729JVS1" name="com.mercury.tours.Parameter_Sign_On" tests="3" failures="0" timestamp="25 Dec 2019 06:56:28 GMT" time="22.019" errors="0">
  <testcase name="Flight_Login" time="7.893" classname="com.mercury.tours.Parameter_Sign_On"/>
  <testcase name="Flight_Login" time="5.991" classname="com.mercury.tours.Parameter_Sign_On"/>
  <testcase name="Flight_Login" time="8.135" classname="com.mercury.tours.Parameter_Sign_On"/>
</testsuite> <!-- com.mercury.tours.Parameter_Sign_On -->
