<?xml version="1.0" encoding="UTF-8"?>
<!-- Generated by org.testng.reporters.JUnitReportReporter -->
<testsuite skipped="0" hostname="LP-729JVS1" name="com.mercury.tours.NavigateAllLinks" tests="1" failures="0" timestamp="26 Dec 2019 06:44:48 GMT" time="97.088" errors="0">
  <testcase name="navigateToAllLinks" time="97.088" classname="com.mercury.tours.NavigateAllLinks"/>
</testsuite> <!-- com.mercury.tours.NavigateAllLinks -->
