<?xml version="1.0" encoding="UTF-8"?>
<!-- Generated by org.testng.reporters.JUnitReportReporter -->
<testsuite skipped="0" hostname="LP-729JVS1" name="com.mercury.tours.HDFC_Netbanking" tests="1" failures="0" timestamp="25 Dec 2019 10:54:58 GMT" time="3.749" errors="0">
  <testcase name="Sign_On" time="3.749" classname="com.mercury.tours.HDFC_Netbanking"/>
</testsuite> <!-- com.mercury.tours.HDFC_Netbanking -->
