<?xml version="1.0" encoding="UTF-8"?>
<!-- Generated by org.testng.reporters.JUnitReportReporter -->
<testsuite skipped="0" hostname="LP-729JVS1" name="com.mercury.tours.RobotClass_Example" tests="1" failures="0" timestamp="26 Dec 2019 07:15:29 GMT" time="25.153" errors="0">
  <testcase name="testUpload" time="25.153" classname="com.mercury.tours.RobotClass_Example"/>
</testsuite> <!-- com.mercury.tours.RobotClass_Example -->
