<?xml version="1.0" encoding="UTF-8"?>
<!-- Generated by org.testng.reporters.JUnitReportReporter -->
<testsuite skipped="0" hostname="LP-729JVS1" name="com.mercury.tours.Mouse_Hovering_Example" tests="1" failures="0" timestamp="24 Dec 2019 10:54:50 GMT" time="11.149" errors="0">
  <testcase name="Sign_On" time="11.149" classname="com.mercury.tours.Mouse_Hovering_Example"/>
</testsuite> <!-- com.mercury.tours.Mouse_Hovering_Example -->
