<?xml version="1.0" encoding="UTF-8"?>
<!-- Generated by org.testng.reporters.JUnitReportReporter -->
<testsuite skipped="0" hostname="LP-729JVS1" name="com.mercury.tours.CrossBrowser_Example" tests="6" failures="0" timestamp="25 Dec 2019 10:35:54 GMT" time="684.765" errors="0">
  <testcase name="Flight_Login" time="139.877" classname="com.mercury.tours.CrossBrowser_Example"/>
  <testcase name="Flight_Login" time="8.204" classname="com.mercury.tours.CrossBrowser_Example"/>
  <testcase name="Flight_Login" time="6.878" classname="com.mercury.tours.CrossBrowser_Example"/>
  <testcase name="Flight_Login" time="254.325" classname="com.mercury.tours.CrossBrowser_Example"/>
  <testcase name="Flight_Login" time="6.840" classname="com.mercury.tours.CrossBrowser_Example"/>
  <testcase name="Flight_Login" time="268.641" classname="com.mercury.tours.CrossBrowser_Example"/>
</testsuite> <!-- com.mercury.tours.CrossBrowser_Example -->
