<?xml version="1.0" encoding="UTF-8"?>
<!-- Generated by org.testng.reporters.JUnitReportReporter -->
<testsuite skipped="0" hostname="LP-729JVS1" name="com.mercury.tours.Sign_On_Read_Properties_File" tests="1" failures="0" timestamp="26 Dec 2019 09:59:33 GMT" time="11.342" errors="0">
  <testcase name="Sign_On" time="11.342" classname="com.mercury.tours.Sign_On_Read_Properties_File"/>
</testsuite> <!-- com.mercury.tours.Sign_On_Read_Properties_File -->
