<?xml version="1.0" encoding="UTF-8"?>
<!-- Generated by org.testng.reporters.JUnitReportReporter -->
<testsuite skipped="0" hostname="LP-729JVS1" name="com.mercury.tours.BatchExecution_Smoke" tests="1" failures="0" timestamp="25 Dec 2019 10:54:59 GMT" time="0.024" errors="0">
  <testcase name="TestSuite" time="0.024" classname="com.mercury.tours.BatchExecution_Smoke"/>
</testsuite> <!-- com.mercury.tours.BatchExecution_Smoke -->
